<?xml version="1.0" encoding="UTF-8"?>
<testng-results skipped="0" failed="0" ignored="0" total="1" passed="1">
  <reporter-output>
  </reporter-output>
  <suite name="Default suite" duration-ms="13974" started-at="2017-06-18T13:44:50Z" finished-at="2017-06-18T13:45:04Z">
    <groups>
    </groups>
    <test name="Default test" duration-ms="13974" started-at="2017-06-18T13:44:50Z" finished-at="2017-06-18T13:45:04Z">
      <class name="testcases.TC_001">
        <test-method status="PASS" signature="testcase1()[pri:0, instance:testcases.TC_001@6767c1fc]" name="testcase1" duration-ms="13917" started-at="2017-06-18T08:44:50Z" finished-at="2017-06-18T08:45:04Z">
          <reporter-output>
          </reporter-output>
        </test-method> <!-- testcase1 -->
      </class> <!-- testcases.TC_001 -->
    </test> <!-- Default test -->
  </suite> <!-- Default suite -->
</testng-results>
